[DEBUG] 2025-05-31 17:10:45.149 [main] User_Test - ..............User Api Testing started..................
[INFO ] 2025-05-31 17:10:45.186 [main] User_Test - ..............Create Api started..................
[DEBUG] 2025-05-31 17:12:31.716 [main] User_Test - ..............User Api Testing started..................
[INFO ] 2025-05-31 17:12:31.751 [main] User_Test - ..............Create Api started..................
[DEBUG] 2025-05-31 17:17:29.228 [main] User_Test - ..............User Api Testing started..................
[INFO ] 2025-05-31 17:17:29.251 [main] User_Test - ..............Create Api started..................
[INFO ] 2025-05-31 17:17:33.539 [main] User_Test - ..............Get Api started..................
[INFO ] 2025-05-31 17:17:34.414 [main] User_Test - ..............Delete Api started..................
[DEBUG] 2025-05-31 17:18:31.477 [main] User_Test - ..............User Api Testing started..................
[INFO ] 2025-05-31 17:18:31.506 [main] User_Test - ..............Create Api started..................
[INFO ] 2025-05-31 17:18:36.424 [main] User_Test - ..............Get Api started..................
[INFO ] 2025-05-31 17:18:37.507 [main] User_Test - ..............Delete Api started..................
[DEBUG] 2025-05-31 17:24:48.887 [main] User_Test - ..............User Api Testing started..................
[INFO ] 2025-05-31 17:24:48.918 [main] User_Test - ..............Create Api started..................
[INFO ] 2025-05-31 17:24:53.165 [main] User_Test - ..............Get Api started..................
[INFO ] 2025-05-31 17:24:53.959 [main] User_Test - ..............Delete Api started..................
[DEBUG] 2025-05-31 17:27:15.474 [main] User_Test - ..............User Api Testing started..................
[INFO ] 2025-05-31 17:27:15.508 [main] User_Test - ..............Create Api started..................
[INFO ] 2025-05-31 17:27:19.594 [main] User_Test - Post Request Status Line Matched...
[INFO ] 2025-05-31 17:27:19.608 [main] User_Test - ..............Get Api started..................
[INFO ] 2025-05-31 17:27:20.410 [main] User_Test - ..............Delete Api started..................
[DEBUG] 2025-05-31 17:28:18.318 [main] User_Test - ..............User Api Testing started..................
[INFO ] 2025-05-31 17:28:18.345 [main] User_Test - ..............Create Api started..................
[INFO ] 2025-05-31 17:28:22.404 [main] User_Test - Post Request Status Line Matched...
[INFO ] 2025-05-31 17:28:22.422 [main] User_Test - ..............Get Api started..................
[INFO ] 2025-05-31 17:28:23.158 [main] User_Test - ..............Delete Api started..................
[DEBUG] 2025-05-31 17:30:56.191 [main] User_Test - ..............User Api Testing started..................
[INFO ] 2025-05-31 17:30:56.219 [main] User_Test - ..............Create Api started..................
[INFO ] 2025-05-31 17:31:00.631 [main] User_Test - Post Request Status Line Matched...
[INFO ] 2025-05-31 17:31:00.646 [main] User_Test - ..............Get Api started..................
[INFO ] 2025-05-31 17:31:01.521 [main] User_Test - Get Request Status Line Matched...
[INFO ] 2025-05-31 17:31:01.529 [main] User_Test - ..............Delete Api started..................
[INFO ] 2025-05-31 17:31:02.382 [main] User_Test - Delete Request Status Line Matched...
[DEBUG] 2025-05-31 17:34:45.813 [main] User_Test - ..............User Api Testing started..................
[INFO ] 2025-05-31 17:34:45.838 [main] User_Test - ..............Create Api started..................
[INFO ] 2025-05-31 17:34:49.995 [main] User_Test - Post Request Status Line Matched...
[INFO ] 2025-05-31 17:34:50.036 [main] User_Test - ..............Get Api started..................
[INFO ] 2025-05-31 17:34:50.817 [main] User_Test - Get Request Status Line Matched...
[INFO ] 2025-05-31 17:34:50.823 [main] User_Test - ..............Delete Api started..................
[INFO ] 2025-05-31 17:34:51.985 [main] User_Test - Delete Request Status Line Matched...
[DEBUG] 2025-05-31 17:35:28.559 [main] User_Test - ..............User Api Testing started..................
[INFO ] 2025-05-31 17:35:28.598 [main] User_Test - ..............Create Api started..................
[INFO ] 2025-05-31 17:35:33.254 [main] User_Test - Post Request Status Line Matched...
[INFO ] 2025-05-31 17:35:33.294 [main] User_Test - ..............Get Api started..................
[INFO ] 2025-05-31 17:35:34.158 [main] User_Test - Get Request Status Line Matched...
[INFO ] 2025-05-31 17:35:34.174 [main] User_Test - ..............Delete Api started..................
[INFO ] 2025-05-31 17:35:34.915 [main] User_Test - Delete Request Status Line Matched...
[DEBUG] 2025-05-31 17:40:58.336 [main] User_Test - ..............User Api Testing started..................
[INFO ] 2025-05-31 17:40:58.370 [main] User_Test - ..............Create Api started..................
[INFO ] 2025-05-31 17:41:03.557 [main] User_Test - Post Request Status Line Matched...
[INFO ] 2025-05-31 17:41:03.655 [main] User_Test - ..............Get Api started..................
[INFO ] 2025-05-31 17:41:04.646 [main] User_Test - Get Request Status Line Matched...
[INFO ] 2025-05-31 17:41:04.656 [main] User_Test - ..............Delete Api started..................
[INFO ] 2025-05-31 17:41:05.338 [main] User_Test - Delete Request Status Line Matched...
[DEBUG] 2025-05-31 17:47:04.554 [main] User_Test - ..............User Api Testing started..................
[INFO ] 2025-05-31 17:47:04.586 [main] User_Test - ..............Create Api started..................
[INFO ] 2025-05-31 17:47:09.796 [main] User_Test - Post Request Status Line Matched...
[INFO ] 2025-05-31 17:47:09.826 [main] User_Test - ..............Get Api started..................
[INFO ] 2025-05-31 17:47:10.616 [main] User_Test - ..............Delete Api started..................
[INFO ] 2025-05-31 17:47:14.658 [main] User_Test - Delete Request Status Line Matched...
[DEBUG] 2025-05-31 17:47:40.023 [main] User_Test - ..............User Api Testing started..................
[INFO ] 2025-05-31 17:47:40.055 [main] User_Test - ..............Create Api started..................
[INFO ] 2025-05-31 17:47:44.454 [main] User_Test - Post Request Status Line Matched...
[INFO ] 2025-05-31 17:47:44.509 [main] User_Test - ..............Get Api started..................
[INFO ] 2025-05-31 17:47:46.096 [main] User_Test - Get Request Status Line Matched...
[INFO ] 2025-05-31 17:47:46.102 [main] User_Test - ..............Delete Api started..................
[INFO ] 2025-05-31 17:47:47.181 [main] User_Test - Delete Request Status Line Matched...
[DEBUG] 2025-05-31 19:25:50.563 [main] User_Test - ..............User Api Testing started..................
[INFO ] 2025-05-31 19:25:50.589 [main] User_Test - ..............Create Api started..................
[INFO ] 2025-05-31 19:25:57.592 [main] User_Test - Post Request Status Line Matched...
[INFO ] 2025-05-31 19:25:57.625 [main] User_Test - ..............Get Api started..................
[INFO ] 2025-05-31 19:25:59.723 [main] User_Test - Get Request Status Line Matched...
[INFO ] 2025-05-31 19:25:59.729 [main] User_Test - ..............Delete Api started..................
[INFO ] 2025-05-31 19:26:01.403 [main] User_Test - Delete Request Status Line Matched...
[DEBUG] 2025-05-31 19:27:02.928 [main] User_Test - ..............User Api Testing started..................
[INFO ] 2025-05-31 19:27:02.959 [main] User_Test - ..............Create Api started..................
[INFO ] 2025-05-31 19:27:08.272 [main] User_Test - Post Request Status Line Matched...
[INFO ] 2025-05-31 19:27:08.318 [main] User_Test - ..............Get Api started..................
[INFO ] 2025-05-31 19:27:09.740 [main] User_Test - Get Request Status Line Matched...
[INFO ] 2025-05-31 19:27:09.740 [main] User_Test - ..............Delete Api started..................
[INFO ] 2025-05-31 19:27:10.725 [main] User_Test - Delete Request Status Line Matched...
[DEBUG] 2025-05-31 19:27:26.084 [main] User_Test - ..............User Api Testing started..................
[INFO ] 2025-05-31 19:27:26.115 [main] User_Test - ..............Create Api started..................
[INFO ] 2025-05-31 19:27:31.990 [main] User_Test - Post Request Status Line Matched...
[INFO ] 2025-05-31 19:27:32.037 [main] User_Test - ..............Get Api started..................
[INFO ] 2025-05-31 19:27:34.725 [main] User_Test - Get Request Status Line Matched...
[INFO ] 2025-05-31 19:27:34.725 [main] User_Test - ..............Delete Api started..................
[INFO ] 2025-05-31 19:27:46.797 [main] User_Test - Delete Request Status Line Matched...
[DEBUG] 2025-05-31 19:28:04.421 [main] User_Test - ..............User Api Testing started..................
[INFO ] 2025-05-31 19:28:04.436 [main] User_Test - ..............Create Api started..................
[INFO ] 2025-05-31 19:28:10.421 [main] User_Test - Post Request Status Line Matched...
[INFO ] 2025-05-31 19:28:10.452 [main] User_Test - ..............Get Api started..................
[INFO ] 2025-05-31 19:28:12.858 [main] User_Test - Get Request Status Line Matched...
[INFO ] 2025-05-31 19:28:12.858 [main] User_Test - ..............Delete Api started..................
[INFO ] 2025-05-31 19:28:47.325 [main] User_Test - Delete Request Status Line Matched...
[DEBUG] 2025-05-31 19:29:09.399 [main] User_Test - ..............User Api Testing started..................
[INFO ] 2025-05-31 19:29:09.430 [main] User_Test - ..............Create Api started..................
[INFO ] 2025-05-31 19:29:15.868 [main] User_Test - Post Request Status Line Matched...
[INFO ] 2025-05-31 19:29:15.899 [main] User_Test - ..............Get Api started..................
[INFO ] 2025-05-31 19:29:18.508 [main] User_Test - Get Request Status Line Matched...
[INFO ] 2025-05-31 19:29:18.524 [main] User_Test - ..............Delete Api started..................
[INFO ] 2025-05-31 19:29:22.150 [main] User_Test - Delete Request Status Line Matched...
[DEBUG] 2025-05-31 19:29:35.993 [main] User_Test - ..............User Api Testing started..................
[INFO ] 2025-05-31 19:29:36.008 [main] User_Test - ..............Create Api started..................
[INFO ] 2025-05-31 19:29:42.212 [main] User_Test - Post Request Status Line Matched...
[INFO ] 2025-05-31 19:29:42.258 [main] User_Test - ..............Get Api started..................
[INFO ] 2025-05-31 19:29:44.040 [main] User_Test - Get Request Status Line Matched...
[INFO ] 2025-05-31 19:29:44.040 [main] User_Test - ..............Delete Api started..................
[INFO ] 2025-05-31 19:29:47.384 [main] User_Test - Delete Request Status Line Matched...
[DEBUG] 2025-05-31 19:40:48.261 [main] User_Test - ..............User Api Testing started..................
[INFO ] 2025-05-31 19:40:48.277 [main] User_Test - ..............Create Api started..................
[INFO ] 2025-05-31 19:40:52.575 [main] User_Test - Post Request Status Line Matched...
[INFO ] 2025-05-31 19:40:52.622 [main] User_Test - ..............Get Api started..................
[INFO ] 2025-05-31 19:40:53.597 [main] User_Test - Get Request Status Line Matched...
[INFO ] 2025-05-31 19:40:53.597 [main] User_Test - ..............Delete Api started..................
[INFO ] 2025-05-31 19:40:54.338 [main] User_Test - Delete Request Status Line Matched...
[DEBUG] 2025-05-31 19:44:16.018 [main] User_Test - ..............User Api Testing started..................
[INFO ] 2025-05-31 19:44:16.038 [main] User_Test - ..............Create Api started..................
[INFO ] 2025-05-31 19:44:19.602 [main] User_Test - Post Request Status Line Matched...
[INFO ] 2025-05-31 19:44:19.639 [main] User_Test - ..............Get Api started..................
[INFO ] 2025-05-31 19:44:20.637 [main] User_Test - Get Request Status Line Matched...
[INFO ] 2025-05-31 19:44:20.637 [main] User_Test - ..............Delete Api started..................
[INFO ] 2025-05-31 19:44:21.379 [main] User_Test - Delete Request Status Line Matched...
[DEBUG] 2025-05-31 19:46:11.280 [main] User_Test - ..............User Api Testing started..................
[INFO ] 2025-05-31 19:46:11.312 [main] User_Test - ..............Create Api started..................
[INFO ] 2025-05-31 19:46:14.907 [main] User_Test - Post Request Status Line Matched...
[INFO ] 2025-05-31 19:46:14.954 [main] User_Test - ..............Get Api started..................
[INFO ] 2025-05-31 19:46:15.864 [main] User_Test - Get Request Status Line Matched...
[INFO ] 2025-05-31 19:46:15.864 [main] User_Test - ..............Delete Api started..................
[INFO ] 2025-05-31 19:46:16.614 [main] User_Test - Delete Request Status Line Matched...
